Arguments: 
  C:\Program Files\nodejs\node.exe C:\Users\visao\AppData\Roaming\npm\node_modules\yarn\bin\yarn.js add chart.js react-chartjs-2

PATH: 
  C:\Users\visao\bin;C:\Program Files\Git\mingw64\bin;C:\Program Files\Git\usr\local\bin;C:\Program Files\Git\usr\bin;C:\Program Files\Git\usr\bin;C:\Program Files\Git\mingw64\bin;C:\Program Files\Git\usr\bin;C:\Users\visao\bin;C:\WINDOWS\system32;C:\WINDOWS;C:\WINDOWS\System32\Wbem;C:\WINDOWS\System32\WindowsPowerShell\v1.0;C:\WINDOWS\System32\OpenSSH;C:\Program Files\Git\cmd;C:\Program Files\nodejs;C:\Program Files\TortoiseGit\bin;C:\Users\visao\AppData\Local\Microsoft\WindowsApps;C:\Users\visao\AppData\Local\Programs\Microsoft VS Code\bin;C:\Users\visao\AppData\Roaming\npm;C:\Program Files\Git\usr\bin\vendor_perl;C:\Program Files\Git\usr\bin\core_perl

Yarn version: 
  1.22.19

Node version: 
  18.2.0

Platform: 
  win32 x64

Trace: 
  Error: EPERM: operation not permitted, unlink 'C:\Users\visao\OneDrive\Desktop\swpBackend\node_modules\bcrypt\lib\binding\napi-v3\bcrypt_lib.node'

npm manifest: 
  {
    "name": "server",
    "version": "1.0.0",
    "description": "",
    "main": "server.js",
    "scripts": {
      "start": "nodemon server.js",
      "test": "echo \"Error: no test specified\" && exit 1"
    },
    "author": "",
    "license": "ISC",
    "dependencies": {
      "@google-cloud/local-auth": "^2.1.0",
      "bcrypt": "^5.1.0",
      "cors": "^2.8.5",
      "date-fns": "^2.30.0",
      "express": "^4.18.2",
      "express-session": "^1.17.3",
      "googleapis": "^105.0.0",
      "jsonwebtoken": "^9.0.0",
      "mysql2": "^3.3.5",
      "nodemailer": "^6.9.3",
      "passport-google-oauth2": "^0.2.0",
      "sequelize": "^6.32.0",
      "swagger-jsdoc": "^6.2.8",
      "swagger-ui-express": "^5.0.0"
    },
    "devDependencies": {
      "nodemon": "^2.0.22"
    }
  }

yarn manifest: 
  No manifest

Lockfile: 
  No lockfile
